[(B[m=========================================================[34m[7mf[34m[7m===[33m[7md[33m[7m[35m[7mn[35m[7m=[31m[7mi[31m[7m[36m[7mc(B[m==================================(B[m]-(     1101200000) 0x00010200.0 -----lui a5, 39           [   [01;31m[K2006894[m[K]
[(B[m=========================================================[34m[7mf[34m[7m===[33m[7md[33m[7m[35m[7mn[35m[7m=[32m[7mp[32m[7m[31m[7mi[31m[7m[36m[7mc(B[m=================================(B[m]-(     1101200000) 0x00010204.0 -----addi a4, a5, 1120    [   2006895]
[(B[m=========================================================[34m[7mf[34m[7m===[33m[7md[33m[7m[35m[7mn[35m[7m=[32m[7mp[32m[7m==========================[31m[7mi[31m[7m[36m[7mc(B[m=======(B[m]-(     1101200000) 0x00010208.0 -----ld a5, -24(s0)       [   2006896]
[(B[m=========================================================[34m[7mf[34m[7m===[33m[7md[33m[7m[35m[7mn[35m[7m=[32m[7mp[32m[7m============================[31m[7mi[31m[7m[36m[7mc(B[m=====(B[m]-(     1101200000) 0x0001020c.0 -----c_add a5, a4         [   2006897]
[(B[m=========================================================[34m[7mf[34m[7m===[33m[7md[33m[7m[35m[7mn[35m[7m=[32m[7mp[32m[7m=============================[31m[7mi[31m[7m[36m[7mc(B[m====(B[m]-(     1101200000) 0x0001020e.0 -----lbu a5, 0(a5)        [   2006898]
[(B[m=========================================================[34m[7mf[34m[7m===[33m[7md[33m[7m[35m[7mn[35m[7m=[32m[7mp[32m[7m================================[31m[7mi[31m[7m[36m[7mc(B[m=(B[m]-(     1101200000) 0x00010212.0 -----c_addiw a5, 0        [   2006899]
[(B[m=========================================================[34m[7mf[34m[7m===[33m[7md[33m[7m[35m[7mn[35m[7m=[32m[7mp[32m[7m=================================[31m[7mi[31m[7m[36m[7mc(B[m(B[m]-(     1101200000) 0x00010214.0 -----slliw a5, a5, 9      [   2006900]
[[31m[7m[36m[7mc(B[m========================================================[34m[7mf[34m[7m===[33m[7md[33m[7m[35m[7mn[35m[7m=[32m[7mp[32m[7m==================================[31m[7mi[31m[7m(B[m]-(     1101200000) 0x00010218.0 -----c_addiw a5, 0        [   2006901]
[(B[m==========================================================[34m[7mf[34m[7m===[33m[7md[33m[7m[35m[7mn[35m[7m=[31m[7mi[31m[7m[36m[7mc(B[m=================================(B[m]-(     1101200000) 0x0001021a.0 -----lui a4, 40           [   2006902]
[(B[m==========================================================[34m[7mf[34m[7m===[33m[7md[33m[7m[35m[7mn[35m[7m=[32m[7mp[32m[7m[31m[7mi[31m[7m[36m[7mc(B[m================================(B[m]-(     1101200000) 0x0001021e.0 -----addi a4, a4, 592     [   2006903]
[[32m[7m[31m[7mi[31m[7m[36m[7mc(B[m========================================================[34m[7mf[34m[7m===[33m[7md[33m[7m[35m[7mn[35m[7m=[32m[7mp[32m[7m==================================(B[m]-(     1101200000) 0x00010222.0 -----c_add a5, a4         [   2006904]
[[32m[7m=[31m[7mi[31m[7m[36m[7mc(B[m=======================================================[34m[7mf[34m[7m===[33m[7md[33m[7m[35m[7mn[35m[7m=[32m[7mp[32m[7m==================================(B[m]-(     1101200000) 0x00010224.0 -----lbu a4, 0(a5)        [   2006905]
[(B[m==========================================================[34m[7mf[34m[7m===[33m[7md[33m[7m[35m[7mn[35m[7m=[31m[7mi[31m[7m[36m[7mc(B[m=================================(B[m]-(     1101200000) 0x00010228.0 -----lbu a5, -1776(gp)    [   2006906]
[[32m[7m====[31m[7mi[31m[7m[36m[7mc(B[m====================================================[34m[7mf[34m[7m===[33m[7md[33m[7m[35m[7mn[35m[7m=[32m[7mp[32m[7m==================================(B[m]-(     1101200000) 0x0001022c.0 -----c_and a5, a4         [   2006907]
[[32m[7m=====[31m[7mi[31m[7m[36m[7mc(B[m===================================================[34m[7mf[34m[7m===[33m[7md[33m[7m[35m[7mn[35m[7m=[32m[7mp[32m[7m==================================(B[m]-(     1101200000) 0x0001022e.0 -----andi a4, a5, 255     [   2006908]
[[32m[7m======[31m[7mi[31m[7m[36m[7mc(B[m==================================================[34m[7mf[34m[7m===[33m[7md[33m[7m[35m[7mn[35m[7m=[32m[7mp[32m[7m==================================(B[m]-(     1101200000) 0x00010232.0 -----sb a4, -1776(gp)     [   2006909]
[(B[m===========================================================[34m[7mf[34m[7m===[33m[7md[33m[7m[35m[7mn[35m[7m=[31m[7mi[31m[7m[36m[7mc(B[m================================(B[m]-(     1101200000) 0x00010236.0 -----c_addi zero, 0       [   2006910]
[(B[m===========================================================[34m[7mf[34m[7m===[33m[7md[33m[7m[35m[7mn[35m[7m=[31m[7mi[31m[7m[36m[7mc(B[m================================(B[m]-(     1101200000) 0x00010238.0 -----c_ldsp ra, 24(sp)    [   2006911]
[(B[m===========================================================[34m[7mf[34m[7m===[33m[7md[33m[7m[35m[7mn[35m[7m=[31m[7mi[31m[7m[36m[7mc(B[m================================(B[m]-(     1101200000) 0x0001023a.0 -----c_ldsp s0, 16(sp)    [   2006912]
[(B[m===========================================================[34m[7mf[34m[7m===[33m[7md[33m[7m[35m[7mn[35m[7m=[31m[7mi[31m[7m[36m[7mc(B[m================================(B[m]-(     1101200000) 0x0001023c.0 -----c_addi16sp sp, 32    [   2006913]
[(B[m===========================================================[34m[7mf[34m[7m===[33m[7md[33m[7m[35m[7mn[35m[7m=[32m[7mp[32m[7m=[31m[7mi[31m[7m[36m[7mc(B[m==============================(B[m]-(     1101200000) 0x0001023e.0 -----c_jr ra              [   2006914]
